Message[302] C:\USERS\ASHWIN\WORKSPACE\MPLABXPROJECTS\FREQCOUNTER.X\FREQCOUNTER.ASM 100 : Register in operand not in bank 0.  Ensure that bank bits are correct.
Message[302] C:\USERS\ASHWIN\WORKSPACE\MPLABXPROJECTS\FREQCOUNTER.X\FREQCOUNTER.ASM 104 : Register in operand not in bank 0.  Ensure that bank bits are correct.
Message[302] C:\USERS\ASHWIN\WORKSPACE\MPLABXPROJECTS\FREQCOUNTER.X\FREQCOUNTER.ASM 113 : Register in operand not in bank 0.  Ensure that bank bits are correct.
Message[302] C:\USERS\ASHWIN\WORKSPACE\MPLABXPROJECTS\FREQCOUNTER.X\FREQCOUNTER.ASM 150 : Register in operand not in bank 0.  Ensure that bank bits are correct.
Message[305] C:\USERS\ASHWIN\WORKSPACE\MPLABXPROJECTS\FREQCOUNTER.X\FREQCOUNTER.ASM 185 : Using default destination of 1 (file).
Message[305] C:\USERS\ASHWIN\WORKSPACE\MPLABXPROJECTS\FREQCOUNTER.X\FREQCOUNTER.ASM 190 : Using default destination of 1 (file).
Message[305] C:\USERS\ASHWIN\WORKSPACE\MPLABXPROJECTS\FREQCOUNTER.X\FREQCOUNTER.ASM 218 : Using default destination of 1 (file).
Warning[207] C:\USERS\ASHWIN\WORKSPACE\MPLABXPROJECTS\FREQCOUNTER.X\FREQCOUNTER.ASM 277 : Found label after column 1. (lcd_shift_out)
Warning[207] C:\USERS\ASHWIN\WORKSPACE\MPLABXPROJECTS\FREQCOUNTER.X\FREQCOUNTER.ASM 290 : Found label after column 1. (lcd_send_0)
Warning[207] C:\USERS\ASHWIN\WORKSPACE\MPLABXPROJECTS\FREQCOUNTER.X\FREQCOUNTER.ASM 298 : Found label after column 1. (lcd_send_1)
Warning[207] C:\USERS\ASHWIN\WORKSPACE\MPLABXPROJECTS\FREQCOUNTER.X\FREQCOUNTER.ASM 306 : Found label after column 1. (lcd_send_EN)
Message[305] C:\USERS\ASHWIN\WORKSPACE\MPLABXPROJECTS\FREQCOUNTER.X\FREQCOUNTER.ASM 279 : Using default destination of 1 (file).
Message[305] C:\USERS\ASHWIN\WORKSPACE\MPLABXPROJECTS\FREQCOUNTER.X\FREQCOUNTER.ASM 279 : Using default destination of 1 (file).
Message[305] C:\USERS\ASHWIN\WORKSPACE\MPLABXPROJECTS\FREQCOUNTER.X\FREQCOUNTER.ASM 279 : Using default destination of 1 (file).
Message[305] C:\USERS\ASHWIN\WORKSPACE\MPLABXPROJECTS\FREQCOUNTER.X\FREQCOUNTER.ASM 279 : Using default destination of 1 (file).
Message[305] C:\USERS\ASHWIN\WORKSPACE\MPLABXPROJECTS\FREQCOUNTER.X\FREQCOUNTER.ASM 279 : Using default destination of 1 (file).
Message[305] C:\USERS\ASHWIN\WORKSPACE\MPLABXPROJECTS\FREQCOUNTER.X\FREQCOUNTER.ASM 279 : Using default destination of 1 (file).
Message[305] C:\USERS\ASHWIN\WORKSPACE\MPLABXPROJECTS\FREQCOUNTER.X\FREQCOUNTER.ASM 279 : Using default destination of 1 (file).
Message[305] C:\USERS\ASHWIN\WORKSPACE\MPLABXPROJECTS\FREQCOUNTER.X\FREQCOUNTER.ASM 279 : Using default destination of 1 (file).
Message[305] C:\USERS\ASHWIN\WORKSPACE\MPLABXPROJECTS\FREQCOUNTER.X\FREQCOUNTER.ASM 279 : Using default destination of 1 (file).
Message[305] C:\USERS\ASHWIN\WORKSPACE\MPLABXPROJECTS\FREQCOUNTER.X\FREQCOUNTER.ASM 279 : Using default destination of 1 (file).
Message[305] C:\USERS\ASHWIN\WORKSPACE\MPLABXPROJECTS\FREQCOUNTER.X\FREQCOUNTER.ASM 279 : Using default destination of 1 (file).
Message[305] C:\USERS\ASHWIN\WORKSPACE\MPLABXPROJECTS\FREQCOUNTER.X\FREQCOUNTER.ASM 279 : Using default destination of 1 (file).
Message[305] C:\USERS\ASHWIN\WORKSPACE\MPLABXPROJECTS\FREQCOUNTER.X\FREQCOUNTER.ASM 279 : Using default destination of 1 (file).
Message[305] C:\USERS\ASHWIN\WORKSPACE\MPLABXPROJECTS\FREQCOUNTER.X\FREQCOUNTER.ASM 279 : Using default destination of 1 (file).
Message[305] C:\USERS\ASHWIN\WORKSPACE\MPLABXPROJECTS\FREQCOUNTER.X\FREQCOUNTER.ASM 279 : Using default destination of 1 (file).
Message[305] C:\USERS\ASHWIN\WORKSPACE\MPLABXPROJECTS\FREQCOUNTER.X\FREQCOUNTER.ASM 279 : Using default destination of 1 (file).
